# JRE version: OpenJDK Runtime Environment Corretto-17.0.6.10.1 (17.0.6+10) (build 17.0.6+10-LTS)
# Java VM: OpenJDK 64-Bit Server VM Corretto-17.0.6.10.1 (17.0.6+10-LTS, mixed mode, sharing, tiered, compressed oops, compressed class ptrs, g1 gc, bsd-aarch64)
GC Precious Log:
 CPUs: 8 total, 8 available
 Memory: 16384M
 Large Page Support: Disabled
 NUMA Support: Disabled
 Compressed Oops: Enabled (Zero based)
 Heap Region Size: 2M
 Heap Min Capacity: 8M
 Heap Initial Capacity: 256M
 Heap Max Capacity: 4G
 Pre-touch: Disabled
 Parallel Workers: 8
 Concurrent Workers: 2
 Concurrent Refinement Workers: 8
 Periodic GC: Disabled
Heap:
 garbage-first heap   total 204800K, used 77946K [0x0000000700000000, 0x0000000800000000)
  region size 2048K, 2 young (4096K), 1 survivors (2048K)
 Metaspace       used 34277K, committed 34624K, reserved 1081344K
  class space    used 4434K, committed 4608K, reserved 1048576K
GC Heap History (20 events):
Event: 5.569 GC heap before
{Heap before GC invocations=12 (full 0):
 garbage-first heap   total 116736K, used 45471K [0x0000000700000000, 0x0000000800000000)
  region size 2048K, 2 young (4096K), 1 survivors (2048K)
 Metaspace       used 32399K, committed 32704K, reserved 1081344K
  class space    used 4292K, committed 4416K, reserved 1048576K
}
Event: 5.570 GC heap after
{Heap after GC invocations=13 (full 0):
 garbage-first heap   total 116736K, used 45466K [0x0000000700000000, 0x0000000800000000)
  region size 2048K, 1 young (2048K), 1 survivors (2048K)
 Metaspace       used 32399K, committed 32704K, reserved 1081344K
  class space    used 4292K, committed 4416K, reserved 1048576K
}
Event: 5.593 GC heap before
{Heap before GC invocations=13 (full 0):
 garbage-first heap   total 116736K, used 53658K [0x0000000700000000, 0x0000000800000000)
  region size 2048K, 2 young (4096K), 1 survivors (2048K)
 Metaspace       used 32428K, committed 32704K, reserved 1081344K
  class space    used 4292K, committed 4416K, reserved 1048576K
}
Event: 5.594 GC heap after
{Heap after GC invocations=14 (full 0):
 garbage-first heap   total 116736K, used 51679K [0x0000000700000000, 0x0000000800000000)
  region size 2048K, 1 young (2048K), 1 survivors (2048K)
 Metaspace       used 32428K, committed 32704K, reserved 1081344K
  class space    used 4292K, committed 4416K, reserved 1048576K
}
Event: 6.709 GC heap before
{Heap before GC invocations=15 (full 0):
 garbage-first heap   total 122880K, used 109023K [0x0000000700000000, 0x0000000800000000)
  region size 2048K, 21 young (43008K), 1 survivors (2048K)
 Metaspace       used 33768K, committed 34112K, reserved 1081344K
  class space    used 4415K, committed 4608K, reserved 1048576K
}
Event: 6.711 GC heap after
{Heap after GC invocations=16 (full 0):
 garbage-first heap   total 122880K, used 55818K [0x0000000700000000, 0x0000000800000000)
  region size 2048K, 2 young (4096K), 2 survivors (4096K)
 Metaspace       used 33768K, committed 34112K, reserved 1081344K
  class space    used 4415K, committed 4608K, reserved 1048576K
}
Event: 6.836 GC heap before
{Heap before GC invocations=16 (full 0):
 garbage-first heap   total 122880K, used 57866K [0x0000000700000000, 0x0000000800000000)
  region size 2048K, 3 young (6144K), 2 survivors (4096K)
 Metaspace       used 33780K, committed 34176K, reserved 1081344K
  class space    used 4415K, committed 4608K, reserved 1048576K
}
Event: 6.838 GC heap after
{Heap after GC invocations=17 (full 0):
 garbage-first heap   total 122880K, used 55138K [0x0000000700000000, 0x0000000800000000)
  region size 2048K, 1 young (2048K), 1 survivors (2048K)
 Metaspace       used 33780K, committed 34176K, reserved 1081344K
  class space    used 4415K, committed 4608K, reserved 1048576K
}
Event: 11.138 GC heap before
{Heap before GC invocations=17 (full 0):
 garbage-first heap   total 122880K, used 98146K [0x0000000700000000, 0x0000000800000000)
  region size 2048K, 22 young (45056K), 1 survivors (2048K)
 Metaspace       used 33956K, committed 34304K, reserved 1081344K
  class space    used 4415K, committed 4608K, reserved 1048576K
}
Event: 11.141 GC heap after
{Heap after GC invocations=18 (full 0):
 garbage-first heap   total 274432K, used 55521K [0x0000000700000000, 0x0000000800000000)
  region size 2048K, 1 young (2048K), 1 survivors (2048K)
 Metaspace       used 33956K, committed 34304K, reserved 1081344K
  class space    used 4415K, committed 4608K, reserved 1048576K
}
Event: 15.158 GC heap before
{Heap before GC invocations=19 (full 0):
 garbage-first heap   total 204800K, used 188641K [0x0000000700000000, 0x0000000800000000)
  region size 2048K, 67 young (137216K), 1 survivors (2048K)
 Metaspace       used 34029K, committed 34368K, reserved 1081344K
  class space    used 4424K, committed 4608K, reserved 1048576K
}
Event: 15.162 GC heap after
{Heap after GC invocations=20 (full 0):
 garbage-first heap   total 204800K, used 55738K [0x0000000700000000, 0x0000000800000000)
  region size 2048K, 1 young (2048K), 1 survivors (2048K)
 Metaspace       used 34029K, committed 34368K, reserved 1081344K
  class space    used 4424K, committed 4608K, reserved 1048576K
}
Event: 15.497 GC heap before
{Heap before GC invocations=20 (full 0):
 garbage-first heap   total 204800K, used 63930K [0x0000000700000000, 0x0000000800000000)
  region size 2048K, 5 young (10240K), 1 survivors (2048K)
 Metaspace       used 34040K, committed 34368K, reserved 1081344K
  class space    used 4424K, committed 4608K, reserved 1048576K
}
Event: 15.498 GC heap after
{Heap after GC invocations=21 (full 0):
 garbage-first heap   total 204800K, used 55201K [0x0000000700000000, 0x0000000800000000)
  region size 2048K, 1 young (2048K), 1 survivors (2048K)
 Metaspace       used 34040K, committed 34368K, reserved 1081344K
  class space    used 4424K, committed 4608K, reserved 1048576K
}
Event: 19.543 GC heap before
{Heap before GC invocations=21 (full 0):
 garbage-first heap   total 204800K, used 85921K [0x0000000700000000, 0x0000000800000000)
  region size 2048K, 17 young (34816K), 1 survivors (2048K)
 Metaspace       used 34182K, committed 34560K, reserved 1081344K
  class space    used 4434K, committed 4608K, reserved 1048576K
}
Event: 19.544 GC heap after
{Heap after GC invocations=22 (full 0):
 garbage-first heap   total 204800K, used 55504K [0x0000000700000000, 0x0000000800000000)
  region size 2048K, 1 young (2048K), 1 survivors (2048K)
 Metaspace       used 34182K, committed 34560K, reserved 1081344K
  class space    used 4434K, committed 4608K, reserved 1048576K
}
Event: 21.577 GC heap before
{Heap before GC invocations=23 (full 0):
 garbage-first heap   total 204800K, used 172240K [0x0000000700000000, 0x0000000800000000)
  region size 2048K, 58 young (118784K), 1 survivors (2048K)
 Metaspace       used 34222K, committed 34560K, reserved 1081344K
  class space    used 4434K, committed 4608K, reserved 1048576K
}
Event: 21.584 GC heap after
{Heap after GC invocations=24 (full 0):
 garbage-first heap   total 204800K, used 55365K [0x0000000700000000, 0x0000000800000000)
  region size 2048K, 1 young (2048K), 1 survivors (2048K)
 Metaspace       used 34222K, committed 34560K, reserved 1081344K
  class space    used 4434K, committed 4608K, reserved 1048576K
}
Event: 22.384 GC heap before
{Heap before GC invocations=24 (full 0):
 garbage-first heap   total 204800K, used 63557K [0x0000000700000000, 0x0000000800000000)
  region size 2048K, 5 young (10240K), 1 survivors (2048K)
 Metaspace       used 34223K, committed 34560K, reserved 1081344K
  class space    used 4434K, committed 4608K, reserved 1048576K
}
Event: 22.387 GC heap after
{Heap after GC invocations=25 (full 0):
 garbage-first heap   total 204800K, used 55401K [0x0000000700000000, 0x0000000800000000)
  region size 2048K, 1 young (2048K), 1 survivors (2048K)
 Metaspace       used 34223K, committed 34560K, reserved 1081344K
  class space    used 4434K, committed 4608K, reserved 1048576K
}

