# JRE version: OpenJDK Runtime Environment Corretto-17.0.6.10.1 (17.0.6+10) (build 17.0.6+10-LTS)
# Java VM: OpenJDK 64-Bit Server VM Corretto-17.0.6.10.1 (17.0.6+10-LTS, mixed mode, sharing, tiered, compressed oops, compressed class ptrs, g1 gc, bsd-aarch64)
GC Precious Log:
 CPUs: 8 total, 8 available
 Memory: 16384M
 Large Page Support: Disabled
 NUMA Support: Disabled
 Compressed Oops: Enabled (Zero based)
 Heap Region Size: 2M
 Heap Min Capacity: 8M
 Heap Initial Capacity: 256M
 Heap Max Capacity: 4G
 Pre-touch: Disabled
 Parallel Workers: 8
 Concurrent Workers: 2
 Concurrent Refinement Workers: 8
 Periodic GC: Disabled
Heap:
 garbage-first heap   total 69632K, used 39259K [0x0000000700000000, 0x0000000800000000)
  region size 2048K, 10 young (20480K), 1 survivors (2048K)
 Metaspace       used 29281K, committed 29632K, reserved 1081344K
  class space    used 3699K, committed 3840K, reserved 1048576K
GC Heap History (14 events):
Event: 0.254 GC heap before
{Heap before GC invocations=0 (full 0):
 garbage-first heap   total 266240K, used 22496K [0x0000000700000000, 0x0000000800000000)
  region size 2048K, 11 young (22528K), 0 survivors (0K)
 Metaspace       used 5741K, committed 5952K, reserved 1056768K
  class space    used 545K, committed 640K, reserved 1048576K
}
Event: 0.256 GC heap after
{Heap after GC invocations=1 (full 0):
 garbage-first heap   total 266240K, used 4933K [0x0000000700000000, 0x0000000800000000)
  region size 2048K, 2 young (4096K), 2 survivors (4096K)
 Metaspace       used 5741K, committed 5952K, reserved 1056768K
  class space    used 545K, committed 640K, reserved 1048576K
}
Event: 0.793 GC heap before
{Heap before GC invocations=1 (full 0):
 garbage-first heap   total 266240K, used 60229K [0x0000000700000000, 0x0000000800000000)
  region size 2048K, 29 young (59392K), 2 survivors (4096K)
 Metaspace       used 15779K, committed 16064K, reserved 1064960K
  class space    used 2175K, committed 2304K, reserved 1048576K
}
Event: 0.799 GC heap after
{Heap after GC invocations=2 (full 0):
 garbage-first heap   total 266240K, used 10321K [0x0000000700000000, 0x0000000800000000)
  region size 2048K, 4 young (8192K), 4 survivors (8192K)
 Metaspace       used 15779K, committed 16064K, reserved 1064960K
  class space    used 2175K, committed 2304K, reserved 1048576K
}
Event: 0.924 GC heap before
{Heap before GC invocations=2 (full 0):
 garbage-first heap   total 266240K, used 30801K [0x0000000700000000, 0x0000000800000000)
  region size 2048K, 15 young (30720K), 4 survivors (8192K)
 Metaspace       used 21240K, committed 21504K, reserved 1073152K
  class space    used 2845K, committed 3008K, reserved 1048576K
}
Event: 0.947 GC heap after
{Heap after GC invocations=3 (full 0):
 garbage-first heap   total 266240K, used 13776K [0x0000000700000000, 0x0000000800000000)
  region size 2048K, 6 young (12288K), 6 survivors (12288K)
 Metaspace       used 21240K, committed 21504K, reserved 1073152K
  class space    used 2845K, committed 3008K, reserved 1048576K
}
Event: 2.163 GC heap before
{Heap before GC invocations=4 (full 0):
 garbage-first heap   total 69632K, used 46544K [0x0000000700000000, 0x0000000800000000)
  region size 2048K, 19 young (38912K), 6 survivors (12288K)
 Metaspace       used 27744K, committed 28160K, reserved 1073152K
  class space    used 3580K, committed 3776K, reserved 1048576K
}
Event: 2.172 GC heap after
{Heap after GC invocations=5 (full 0):
 garbage-first heap   total 69632K, used 22506K [0x0000000700000000, 0x0000000800000000)
  region size 2048K, 3 young (6144K), 3 survivors (6144K)
 Metaspace       used 27744K, committed 28160K, reserved 1073152K
  class space    used 3580K, committed 3776K, reserved 1048576K
}
Event: 3.398 GC heap before
{Heap before GC invocations=5 (full 0):
 garbage-first heap   total 69632K, used 24554K [0x0000000700000000, 0x0000000800000000)
  region size 2048K, 4 young (8192K), 3 survivors (6144K)
 Metaspace       used 28125K, committed 28480K, reserved 1081344K
  class space    used 3629K, committed 3840K, reserved 1048576K
}
Event: 3.400 GC heap after
{Heap after GC invocations=6 (full 0):
 garbage-first heap   total 69632K, used 22986K [0x0000000700000000, 0x0000000800000000)
  region size 2048K, 1 young (2048K), 1 survivors (2048K)
 Metaspace       used 28125K, committed 28480K, reserved 1081344K
  class space    used 3629K, committed 3840K, reserved 1048576K
}
Event: 16.290 GC heap before
{Heap before GC invocations=6 (full 0):
 garbage-first heap   total 69632K, used 45514K [0x0000000700000000, 0x0000000800000000)
  region size 2048K, 12 young (24576K), 1 survivors (2048K)
 Metaspace       used 28867K, committed 29184K, reserved 1081344K
  class space    used 3676K, committed 3840K, reserved 1048576K
}
Event: 16.292 GC heap after
{Heap after GC invocations=7 (full 0):
 garbage-first heap   total 69632K, used 22651K [0x0000000700000000, 0x0000000800000000)
  region size 2048K, 1 young (2048K), 1 survivors (2048K)
 Metaspace       used 28867K, committed 29184K, reserved 1081344K
  class space    used 3676K, committed 3840K, reserved 1048576K
}
Event: 31.015 GC heap before
{Heap before GC invocations=7 (full 0):
 garbage-first heap   total 69632K, used 47227K [0x0000000700000000, 0x0000000800000000)
  region size 2048K, 13 young (26624K), 1 survivors (2048K)
 Metaspace       used 28974K, committed 29312K, reserved 1081344K
  class space    used 3676K, committed 3840K, reserved 1048576K
}
Event: 31.020 GC heap after
{Heap after GC invocations=8 (full 0):
 garbage-first heap   total 69632K, used 22875K [0x0000000700000000, 0x0000000800000000)
  region size 2048K, 1 young (2048K), 1 survivors (2048K)
 Metaspace       used 28974K, committed 29312K, reserved 1081344K
  class space    used 3676K, committed 3840K, reserved 1048576K
}

