# JRE version: OpenJDK Runtime Environment Corretto-17.0.6.10.1 (17.0.6+10) (build 17.0.6+10-LTS)
# Java VM: OpenJDK 64-Bit Server VM Corretto-17.0.6.10.1 (17.0.6+10-LTS, mixed mode, sharing, tiered, compressed oops, compressed class ptrs, g1 gc, bsd-aarch64)
GC Precious Log:
 CPUs: 8 total, 8 available
 Memory: 16384M
 Large Page Support: Disabled
 NUMA Support: Disabled
 Compressed Oops: Enabled (Zero based)
 Heap Region Size: 2M
 Heap Min Capacity: 8M
 Heap Initial Capacity: 256M
 Heap Max Capacity: 4G
 Pre-touch: Disabled
 Parallel Workers: 8
 Concurrent Workers: 2
 Concurrent Refinement Workers: 8
 Periodic GC: Disabled
Heap:
 garbage-first heap   total 75776K, used 24366K [0x0000000700000000, 0x0000000800000000)
  region size 2048K, 3 young (6144K), 2 survivors (4096K)
 Metaspace       used 29241K, committed 29568K, reserved 1081344K
  class space    used 3673K, committed 3840K, reserved 1048576K
GC Heap History (20 events):
Event: 2.335 GC heap before
{Heap before GC invocations=5 (full 0):
 garbage-first heap   total 75776K, used 24793K [0x0000000700000000, 0x0000000800000000)
  region size 2048K, 4 young (8192K), 3 survivors (6144K)
 Metaspace       used 27733K, committed 28032K, reserved 1073152K
  class space    used 3563K, committed 3712K, reserved 1048576K
}
Event: 2.337 GC heap after
{Heap after GC invocations=6 (full 0):
 garbage-first heap   total 75776K, used 23032K [0x0000000700000000, 0x0000000800000000)
  region size 2048K, 1 young (2048K), 1 survivors (2048K)
 Metaspace       used 27733K, committed 28032K, reserved 1073152K
  class space    used 3563K, committed 3712K, reserved 1048576K
}
Event: 3.720 GC heap before
{Heap before GC invocations=6 (full 0):
 garbage-first heap   total 75776K, used 49656K [0x0000000700000000, 0x0000000800000000)
  region size 2048K, 14 young (28672K), 1 survivors (2048K)
 Metaspace       used 28206K, committed 28544K, reserved 1081344K
  class space    used 3596K, committed 3776K, reserved 1048576K
}
Event: 3.721 GC heap after
{Heap after GC invocations=7 (full 0):
 garbage-first heap   total 75776K, used 22702K [0x0000000700000000, 0x0000000800000000)
  region size 2048K, 1 young (2048K), 1 survivors (2048K)
 Metaspace       used 28206K, committed 28544K, reserved 1081344K
  class space    used 3596K, committed 3776K, reserved 1048576K
}
Event: 4.380 GC heap before
{Heap before GC invocations=7 (full 0):
 garbage-first heap   total 75776K, used 51374K [0x0000000700000000, 0x0000000800000000)
  region size 2048K, 15 young (30720K), 1 survivors (2048K)
 Metaspace       used 28533K, committed 28928K, reserved 1081344K
  class space    used 3640K, committed 3840K, reserved 1048576K
}
Event: 4.381 GC heap after
{Heap after GC invocations=8 (full 0):
 garbage-first heap   total 75776K, used 22878K [0x0000000700000000, 0x0000000800000000)
  region size 2048K, 1 young (2048K), 1 survivors (2048K)
 Metaspace       used 28533K, committed 28928K, reserved 1081344K
  class space    used 3640K, committed 3840K, reserved 1048576K
}
Event: 5.172 GC heap before
{Heap before GC invocations=8 (full 0):
 garbage-first heap   total 75776K, used 53598K [0x0000000700000000, 0x0000000800000000)
  region size 2048K, 16 young (32768K), 1 survivors (2048K)
 Metaspace       used 28661K, committed 28992K, reserved 1081344K
  class space    used 3640K, committed 3840K, reserved 1048576K
}
Event: 5.173 GC heap after
{Heap after GC invocations=9 (full 0):
 garbage-first heap   total 75776K, used 23132K [0x0000000700000000, 0x0000000800000000)
  region size 2048K, 1 young (2048K), 1 survivors (2048K)
 Metaspace       used 28661K, committed 28992K, reserved 1081344K
  class space    used 3640K, committed 3840K, reserved 1048576K
}
Event: 6.205 GC heap before
{Heap before GC invocations=9 (full 0):
 garbage-first heap   total 75776K, used 55900K [0x0000000700000000, 0x0000000800000000)
  region size 2048K, 17 young (34816K), 1 survivors (2048K)
 Metaspace       used 28809K, committed 29184K, reserved 1081344K
  class space    used 3645K, committed 3840K, reserved 1048576K
}
Event: 6.206 GC heap after
{Heap after GC invocations=10 (full 0):
 garbage-first heap   total 75776K, used 23273K [0x0000000700000000, 0x0000000800000000)
  region size 2048K, 1 young (2048K), 1 survivors (2048K)
 Metaspace       used 28809K, committed 29184K, reserved 1081344K
  class space    used 3645K, committed 3840K, reserved 1048576K
}
Event: 9.971 GC heap before
{Heap before GC invocations=10 (full 0):
 garbage-first heap   total 75776K, used 56041K [0x0000000700000000, 0x0000000800000000)
  region size 2048K, 17 young (34816K), 1 survivors (2048K)
 Metaspace       used 28876K, committed 29184K, reserved 1081344K
  class space    used 3645K, committed 3840K, reserved 1048576K
}
Event: 9.973 GC heap after
{Heap after GC invocations=11 (full 0):
 garbage-first heap   total 75776K, used 23519K [0x0000000700000000, 0x0000000800000000)
  region size 2048K, 1 young (2048K), 1 survivors (2048K)
 Metaspace       used 28876K, committed 29184K, reserved 1081344K
  class space    used 3645K, committed 3840K, reserved 1048576K
}
Event: 14.181 GC heap before
{Heap before GC invocations=11 (full 0):
 garbage-first heap   total 75776K, used 58335K [0x0000000700000000, 0x0000000800000000)
  region size 2048K, 18 young (36864K), 1 survivors (2048K)
 Metaspace       used 28939K, committed 29312K, reserved 1081344K
  class space    used 3647K, committed 3840K, reserved 1048576K
}
Event: 14.184 GC heap after
{Heap after GC invocations=12 (full 0):
 garbage-first heap   total 75776K, used 23602K [0x0000000700000000, 0x0000000800000000)
  region size 2048K, 1 young (2048K), 1 survivors (2048K)
 Metaspace       used 28939K, committed 29312K, reserved 1081344K
  class space    used 3647K, committed 3840K, reserved 1048576K
}
Event: 17.989 GC heap before
{Heap before GC invocations=12 (full 0):
 garbage-first heap   total 75776K, used 58418K [0x0000000700000000, 0x0000000800000000)
  region size 2048K, 18 young (36864K), 1 survivors (2048K)
 Metaspace       used 28958K, committed 29312K, reserved 1081344K
  class space    used 3648K, committed 3840K, reserved 1048576K
}
Event: 17.991 GC heap after
{Heap after GC invocations=13 (full 0):
 garbage-first heap   total 75776K, used 23627K [0x0000000700000000, 0x0000000800000000)
  region size 2048K, 1 young (2048K), 1 survivors (2048K)
 Metaspace       used 28958K, committed 29312K, reserved 1081344K
  class space    used 3648K, committed 3840K, reserved 1048576K
}
Event: 18.987 GC heap before
{Heap before GC invocations=13 (full 0):
 garbage-first heap   total 75776K, used 60491K [0x0000000700000000, 0x0000000800000000)
  region size 2048K, 19 young (38912K), 1 survivors (2048K)
 Metaspace       used 28966K, committed 29312K, reserved 1081344K
  class space    used 3648K, committed 3840K, reserved 1048576K
}
Event: 18.989 GC heap after
{Heap after GC invocations=14 (full 0):
 garbage-first heap   total 75776K, used 23918K [0x0000000700000000, 0x0000000800000000)
  region size 2048K, 1 young (2048K), 1 survivors (2048K)
 Metaspace       used 28966K, committed 29312K, reserved 1081344K
  class space    used 3648K, committed 3840K, reserved 1048576K
}
Event: 21.191 GC heap before
{Heap before GC invocations=14 (full 0):
 garbage-first heap   total 75776K, used 60782K [0x0000000700000000, 0x0000000800000000)
  region size 2048K, 19 young (38912K), 1 survivors (2048K)
 Metaspace       used 29222K, committed 29504K, reserved 1081344K
  class space    used 3673K, committed 3840K, reserved 1048576K
}
Event: 21.193 GC heap after
{Heap after GC invocations=15 (full 0):
 garbage-first heap   total 75776K, used 24366K [0x0000000700000000, 0x0000000800000000)
  region size 2048K, 2 young (4096K), 2 survivors (4096K)
 Metaspace       used 29222K, committed 29504K, reserved 1081344K
  class space    used 3673K, committed 3840K, reserved 1048576K
}

