# JRE version: OpenJDK Runtime Environment Corretto-17.0.6.10.1 (17.0.6+10) (build 17.0.6+10-LTS)
# Java VM: OpenJDK 64-Bit Server VM Corretto-17.0.6.10.1 (17.0.6+10-LTS, mixed mode, sharing, tiered, compressed oops, compressed class ptrs, g1 gc, bsd-aarch64)
GC Precious Log:
 CPUs: 8 total, 8 available
 Memory: 16384M
 Large Page Support: Disabled
 NUMA Support: Disabled
 Compressed Oops: Enabled (Zero based)
 Heap Region Size: 2M
 Heap Min Capacity: 8M
 Heap Initial Capacity: 256M
 Heap Max Capacity: 4G
 Pre-touch: Disabled
 Parallel Workers: 8
 Concurrent Workers: 2
 Concurrent Refinement Workers: 8
 Periodic GC: Disabled
Heap:
 garbage-first heap   total 69632K, used 39463K [0x0000000700000000, 0x0000000800000000)
  region size 2048K, 10 young (20480K), 1 survivors (2048K)
 Metaspace       used 28985K, committed 29248K, reserved 1081344K
  class space    used 3632K, committed 3776K, reserved 1048576K
GC Heap History (18 events):
Event: 0.264 GC heap before
{Heap before GC invocations=0 (full 0):
 garbage-first heap   total 266240K, used 22496K [0x0000000700000000, 0x0000000800000000)
  region size 2048K, 11 young (22528K), 0 survivors (0K)
 Metaspace       used 5745K, committed 5952K, reserved 1056768K
  class space    used 543K, committed 640K, reserved 1048576K
}
Event: 0.266 GC heap after
{Heap after GC invocations=1 (full 0):
 garbage-first heap   total 266240K, used 4933K [0x0000000700000000, 0x0000000800000000)
  region size 2048K, 2 young (4096K), 2 survivors (4096K)
 Metaspace       used 5745K, committed 5952K, reserved 1056768K
  class space    used 543K, committed 640K, reserved 1048576K
}
Event: 0.764 GC heap before
{Heap before GC invocations=1 (full 0):
 garbage-first heap   total 266240K, used 60229K [0x0000000700000000, 0x0000000800000000)
  region size 2048K, 29 young (59392K), 2 survivors (4096K)
 Metaspace       used 15493K, committed 15744K, reserved 1064960K
  class space    used 2118K, committed 2240K, reserved 1048576K
}
Event: 0.767 GC heap after
{Heap after GC invocations=2 (full 0):
 garbage-first heap   total 266240K, used 10474K [0x0000000700000000, 0x0000000800000000)
  region size 2048K, 4 young (8192K), 4 survivors (8192K)
 Metaspace       used 15493K, committed 15744K, reserved 1064960K
  class space    used 2118K, committed 2240K, reserved 1048576K
}
Event: 0.877 GC heap before
{Heap before GC invocations=2 (full 0):
 garbage-first heap   total 266240K, used 28906K [0x0000000700000000, 0x0000000800000000)
  region size 2048K, 15 young (30720K), 4 survivors (8192K)
 Metaspace       used 21282K, committed 21504K, reserved 1073152K
  class space    used 2839K, committed 2944K, reserved 1048576K
}
Event: 0.880 GC heap after
{Heap after GC invocations=3 (full 0):
 garbage-first heap   total 266240K, used 13330K [0x0000000700000000, 0x0000000800000000)
  region size 2048K, 6 young (12288K), 6 survivors (12288K)
 Metaspace       used 21282K, committed 21504K, reserved 1073152K
  class space    used 2839K, committed 2944K, reserved 1048576K
}
Event: 2.376 GC heap before
{Heap before GC invocations=4 (full 0):
 garbage-first heap   total 69632K, used 46098K [0x0000000700000000, 0x0000000800000000)
  region size 2048K, 19 young (38912K), 6 survivors (12288K)
 Metaspace       used 27853K, committed 28096K, reserved 1081344K
  class space    used 3595K, committed 3712K, reserved 1048576K
}
Event: 2.383 GC heap after
{Heap after GC invocations=5 (full 0):
 garbage-first heap   total 69632K, used 22387K [0x0000000700000000, 0x0000000800000000)
  region size 2048K, 3 young (6144K), 3 survivors (6144K)
 Metaspace       used 27853K, committed 28096K, reserved 1081344K
  class space    used 3595K, committed 3712K, reserved 1048576K
}
Event: 2.617 GC heap before
{Heap before GC invocations=5 (full 0):
 garbage-first heap   total 69632K, used 24435K [0x0000000700000000, 0x0000000800000000)
  region size 2048K, 4 young (8192K), 3 survivors (6144K)
 Metaspace       used 27937K, committed 28288K, reserved 1081344K
  class space    used 3600K, committed 3776K, reserved 1048576K
}
Event: 2.619 GC heap after
{Heap after GC invocations=6 (full 0):
 garbage-first heap   total 69632K, used 23113K [0x0000000700000000, 0x0000000800000000)
  region size 2048K, 1 young (2048K), 1 survivors (2048K)
 Metaspace       used 27937K, committed 28288K, reserved 1081344K
  class space    used 3600K, committed 3776K, reserved 1048576K
}
Event: 3.733 GC heap before
{Heap before GC invocations=6 (full 0):
 garbage-first heap   total 69632K, used 45641K [0x0000000700000000, 0x0000000800000000)
  region size 2048K, 12 young (24576K), 1 survivors (2048K)
 Metaspace       used 28237K, committed 28544K, reserved 1081344K
  class space    used 3604K, committed 3776K, reserved 1048576K
}
Event: 3.733 GC heap after
{Heap after GC invocations=7 (full 0):
 garbage-first heap   total 69632K, used 22504K [0x0000000700000000, 0x0000000800000000)
  region size 2048K, 1 young (2048K), 1 survivors (2048K)
 Metaspace       used 28237K, committed 28544K, reserved 1081344K
  class space    used 3604K, committed 3776K, reserved 1048576K
}
Event: 4.410 GC heap before
{Heap before GC invocations=7 (full 0):
 garbage-first heap   total 69632K, used 47080K [0x0000000700000000, 0x0000000800000000)
  region size 2048K, 13 young (26624K), 1 survivors (2048K)
 Metaspace       used 28393K, committed 28736K, reserved 1081344K
  class space    used 3605K, committed 3776K, reserved 1048576K
}
Event: 4.411 GC heap after
{Heap after GC invocations=8 (full 0):
 garbage-first heap   total 69632K, used 22628K [0x0000000700000000, 0x0000000800000000)
  region size 2048K, 1 young (2048K), 1 survivors (2048K)
 Metaspace       used 28393K, committed 28736K, reserved 1081344K
  class space    used 3605K, committed 3776K, reserved 1048576K
}
Event: 5.280 GC heap before
{Heap before GC invocations=8 (full 0):
 garbage-first heap   total 69632K, used 49252K [0x0000000700000000, 0x0000000800000000)
  region size 2048K, 14 young (28672K), 1 survivors (2048K)
 Metaspace       used 28560K, committed 28864K, reserved 1081344K
  class space    used 3605K, committed 3776K, reserved 1048576K
}
Event: 5.281 GC heap after
{Heap after GC invocations=9 (full 0):
 garbage-first heap   total 69632K, used 22863K [0x0000000700000000, 0x0000000800000000)
  region size 2048K, 1 young (2048K), 1 survivors (2048K)
 Metaspace       used 28560K, committed 28864K, reserved 1081344K
  class space    used 3605K, committed 3776K, reserved 1048576K
}
Event: 6.368 GC heap before
{Heap before GC invocations=9 (full 0):
 garbage-first heap   total 69632K, used 49487K [0x0000000700000000, 0x0000000800000000)
  region size 2048K, 14 young (28672K), 1 survivors (2048K)
 Metaspace       used 28671K, committed 29056K, reserved 1081344K
  class space    used 3608K, committed 3776K, reserved 1048576K
}
Event: 6.369 GC heap after
{Heap after GC invocations=10 (full 0):
 garbage-first heap   total 69632K, used 23079K [0x0000000700000000, 0x0000000800000000)
  region size 2048K, 1 young (2048K), 1 survivors (2048K)
 Metaspace       used 28671K, committed 29056K, reserved 1081344K
  class space    used 3608K, committed 3776K, reserved 1048576K
}

