# JRE version: OpenJDK Runtime Environment Corretto-17.0.6.10.1 (17.0.6+10) (build 17.0.6+10-LTS)
# Java VM: OpenJDK 64-Bit Server VM Corretto-17.0.6.10.1 (17.0.6+10-LTS, mixed mode, sharing, tiered, compressed oops, compressed class ptrs, g1 gc, bsd-aarch64)
GC Precious Log:
 CPUs: 8 total, 8 available
 Memory: 16384M
 Large Page Support: Disabled
 NUMA Support: Disabled
 Compressed Oops: Enabled (Zero based)
 Heap Region Size: 2M
 Heap Min Capacity: 8M
 Heap Initial Capacity: 256M
 Heap Max Capacity: 4G
 Pre-touch: Disabled
 Parallel Workers: 8
 Concurrent Workers: 2
 Concurrent Refinement Workers: 8
 Periodic GC: Disabled
Heap:
 garbage-first heap   total 69632K, used 43021K [0x0000000700000000, 0x0000000800000000)
  region size 2048K, 10 young (20480K), 1 survivors (2048K)
 Metaspace       used 29787K, committed 30144K, reserved 1081344K
  class space    used 3705K, committed 3904K, reserved 1048576K
GC Heap History (20 events):
Event: 63.629 GC heap before
{Heap before GC invocations=95 (full 0):
 garbage-first heap   total 69632K, used 54979K [0x0000000700000000, 0x0000000800000000)
  region size 2048K, 14 young (28672K), 1 survivors (2048K)
 Metaspace       used 29455K, committed 29888K, reserved 1081344K
  class space    used 3682K, committed 3904K, reserved 1048576K
}
Event: 63.630 GC heap after
{Heap after GC invocations=96 (full 0):
 garbage-first heap   total 69632K, used 28389K [0x0000000700000000, 0x0000000800000000)
  region size 2048K, 1 young (2048K), 1 survivors (2048K)
 Metaspace       used 29455K, committed 29888K, reserved 1081344K
  class space    used 3682K, committed 3904K, reserved 1048576K
}
Event: 63.924 GC heap before
{Heap before GC invocations=96 (full 0):
 garbage-first heap   total 69632K, used 55013K [0x0000000700000000, 0x0000000800000000)
  region size 2048K, 14 young (28672K), 1 survivors (2048K)
 Metaspace       used 29461K, committed 29888K, reserved 1081344K
  class space    used 3682K, committed 3904K, reserved 1048576K
}
Event: 63.924 GC heap after
{Heap after GC invocations=97 (full 0):
 garbage-first heap   total 69632K, used 28439K [0x0000000700000000, 0x0000000800000000)
  region size 2048K, 1 young (2048K), 1 survivors (2048K)
 Metaspace       used 29461K, committed 29888K, reserved 1081344K
  class space    used 3682K, committed 3904K, reserved 1048576K
}
Event: 64.235 GC heap before
{Heap before GC invocations=97 (full 0):
 garbage-first heap   total 69632K, used 55063K [0x0000000700000000, 0x0000000800000000)
  region size 2048K, 14 young (28672K), 1 survivors (2048K)
 Metaspace       used 29469K, committed 29888K, reserved 1081344K
  class space    used 3682K, committed 3904K, reserved 1048576K
}
Event: 64.235 GC heap after
{Heap after GC invocations=98 (full 0):
 garbage-first heap   total 69632K, used 28475K [0x0000000700000000, 0x0000000800000000)
  region size 2048K, 1 young (2048K), 1 survivors (2048K)
 Metaspace       used 29469K, committed 29888K, reserved 1081344K
  class space    used 3682K, committed 3904K, reserved 1048576K
}
Event: 64.559 GC heap before
{Heap before GC invocations=98 (full 0):
 garbage-first heap   total 69632K, used 55099K [0x0000000700000000, 0x0000000800000000)
  region size 2048K, 14 young (28672K), 1 survivors (2048K)
 Metaspace       used 29493K, committed 29888K, reserved 1081344K
  class space    used 3682K, committed 3904K, reserved 1048576K
}
Event: 64.559 GC heap after
{Heap after GC invocations=99 (full 0):
 garbage-first heap   total 69632K, used 28559K [0x0000000700000000, 0x0000000800000000)
  region size 2048K, 1 young (2048K), 1 survivors (2048K)
 Metaspace       used 29493K, committed 29888K, reserved 1081344K
  class space    used 3682K, committed 3904K, reserved 1048576K
}
Event: 64.884 GC heap before
{Heap before GC invocations=99 (full 0):
 garbage-first heap   total 69632K, used 55183K [0x0000000700000000, 0x0000000800000000)
  region size 2048K, 14 young (28672K), 1 survivors (2048K)
 Metaspace       used 29496K, committed 29888K, reserved 1081344K
  class space    used 3682K, committed 3904K, reserved 1048576K
}
Event: 64.884 GC heap after
{Heap after GC invocations=100 (full 0):
 garbage-first heap   total 69632K, used 28559K [0x0000000700000000, 0x0000000800000000)
  region size 2048K, 1 young (2048K), 1 survivors (2048K)
 Metaspace       used 29496K, committed 29888K, reserved 1081344K
  class space    used 3682K, committed 3904K, reserved 1048576K
}
Event: 65.198 GC heap before
{Heap before GC invocations=100 (full 0):
 garbage-first heap   total 69632K, used 55183K [0x0000000700000000, 0x0000000800000000)
  region size 2048K, 14 young (28672K), 1 survivors (2048K)
 Metaspace       used 29496K, committed 29888K, reserved 1081344K
  class space    used 3682K, committed 3904K, reserved 1048576K
}
Event: 65.198 GC heap after
{Heap after GC invocations=101 (full 0):
 garbage-first heap   total 69632K, used 28609K [0x0000000700000000, 0x0000000800000000)
  region size 2048K, 1 young (2048K), 1 survivors (2048K)
 Metaspace       used 29496K, committed 29888K, reserved 1081344K
  class space    used 3682K, committed 3904K, reserved 1048576K
}
Event: 65.541 GC heap before
{Heap before GC invocations=101 (full 0):
 garbage-first heap   total 69632K, used 55233K [0x0000000700000000, 0x0000000800000000)
  region size 2048K, 14 young (28672K), 1 survivors (2048K)
 Metaspace       used 29508K, committed 29888K, reserved 1081344K
  class space    used 3682K, committed 3904K, reserved 1048576K
}
Event: 65.542 GC heap after
{Heap after GC invocations=102 (full 0):
 garbage-first heap   total 69632K, used 28528K [0x0000000700000000, 0x0000000800000000)
  region size 2048K, 1 young (2048K), 1 survivors (2048K)
 Metaspace       used 29508K, committed 29888K, reserved 1081344K
  class space    used 3682K, committed 3904K, reserved 1048576K
}
Event: 65.882 GC heap before
{Heap before GC invocations=102 (full 0):
 garbage-first heap   total 69632K, used 55152K [0x0000000700000000, 0x0000000800000000)
  region size 2048K, 14 young (28672K), 1 survivors (2048K)
 Metaspace       used 29509K, committed 29888K, reserved 1081344K
  class space    used 3682K, committed 3904K, reserved 1048576K
}
Event: 65.883 GC heap after
{Heap after GC invocations=103 (full 0):
 garbage-first heap   total 69632K, used 28601K [0x0000000700000000, 0x0000000800000000)
  region size 2048K, 1 young (2048K), 1 survivors (2048K)
 Metaspace       used 29509K, committed 29888K, reserved 1081344K
  class space    used 3682K, committed 3904K, reserved 1048576K
}
Event: 66.195 GC heap before
{Heap before GC invocations=103 (full 0):
 garbage-first heap   total 69632K, used 55225K [0x0000000700000000, 0x0000000800000000)
  region size 2048K, 14 young (28672K), 1 survivors (2048K)
 Metaspace       used 29511K, committed 29888K, reserved 1081344K
  class space    used 3682K, committed 3904K, reserved 1048576K
}
Event: 66.195 GC heap after
{Heap after GC invocations=104 (full 0):
 garbage-first heap   total 69632K, used 28679K [0x0000000700000000, 0x0000000800000000)
  region size 2048K, 1 young (2048K), 1 survivors (2048K)
 Metaspace       used 29511K, committed 29888K, reserved 1081344K
  class space    used 3682K, committed 3904K, reserved 1048576K
}
Event: 66.657 GC heap before
{Heap before GC invocations=104 (full 0):
 garbage-first heap   total 69632K, used 55303K [0x0000000700000000, 0x0000000800000000)
  region size 2048K, 14 young (28672K), 1 survivors (2048K)
 Metaspace       used 29511K, committed 29888K, reserved 1081344K
  class space    used 3682K, committed 3904K, reserved 1048576K
}
Event: 66.658 GC heap after
{Heap after GC invocations=105 (full 0):
 garbage-first heap   total 69632K, used 28685K [0x0000000700000000, 0x0000000800000000)
  region size 2048K, 1 young (2048K), 1 survivors (2048K)
 Metaspace       used 29511K, committed 29888K, reserved 1081344K
  class space    used 3682K, committed 3904K, reserved 1048576K
}

