# JRE version: OpenJDK Runtime Environment Corretto-17.0.6.10.1 (17.0.6+10) (build 17.0.6+10-LTS)
# Java VM: OpenJDK 64-Bit Server VM Corretto-17.0.6.10.1 (17.0.6+10-LTS, mixed mode, sharing, tiered, compressed oops, compressed class ptrs, g1 gc, bsd-aarch64)
GC Precious Log:
 CPUs: 8 total, 8 available
 Memory: 16384M
 Large Page Support: Disabled
 NUMA Support: Disabled
 Compressed Oops: Enabled (Zero based)
 Heap Region Size: 2M
 Heap Min Capacity: 8M
 Heap Initial Capacity: 256M
 Heap Max Capacity: 4G
 Pre-touch: Disabled
 Parallel Workers: 8
 Concurrent Workers: 2
 Concurrent Refinement Workers: 8
 Periodic GC: Disabled
Heap:
 garbage-first heap   total 69632K, used 27081K [0x0000000700000000, 0x0000000800000000)
  region size 2048K, 4 young (8192K), 2 survivors (4096K)
 Metaspace       used 29431K, committed 29760K, reserved 1081344K
  class space    used 3697K, committed 3840K, reserved 1048576K
GC Heap History (20 events):
Event: 5.151 GC heap before
{Heap before GC invocations=7 (full 0):
 garbage-first heap   total 69632K, used 47280K [0x0000000700000000, 0x0000000800000000)
  region size 2048K, 13 young (26624K), 1 survivors (2048K)
 Metaspace       used 28571K, committed 28992K, reserved 1081344K
  class space    used 3649K, committed 3840K, reserved 1048576K
}
Event: 5.153 GC heap after
{Heap after GC invocations=8 (full 0):
 garbage-first heap   total 69632K, used 22979K [0x0000000700000000, 0x0000000800000000)
  region size 2048K, 1 young (2048K), 1 survivors (2048K)
 Metaspace       used 28571K, committed 28992K, reserved 1081344K
  class space    used 3649K, committed 3840K, reserved 1048576K
}
Event: 6.480 GC heap before
{Heap before GC invocations=8 (full 0):
 garbage-first heap   total 69632K, used 49603K [0x0000000700000000, 0x0000000800000000)
  region size 2048K, 14 young (28672K), 1 survivors (2048K)
 Metaspace       used 28762K, committed 29120K, reserved 1081344K
  class space    used 3654K, committed 3840K, reserved 1048576K
}
Event: 6.481 GC heap after
{Heap after GC invocations=9 (full 0):
 garbage-first heap   total 69632K, used 23161K [0x0000000700000000, 0x0000000800000000)
  region size 2048K, 1 young (2048K), 1 survivors (2048K)
 Metaspace       used 28762K, committed 29120K, reserved 1081344K
  class space    used 3654K, committed 3840K, reserved 1048576K
}
Event: 7.363 GC heap before
{Heap before GC invocations=9 (full 0):
 garbage-first heap   total 69632K, used 49785K [0x0000000700000000, 0x0000000800000000)
  region size 2048K, 14 young (28672K), 1 survivors (2048K)
 Metaspace       used 28831K, committed 29184K, reserved 1081344K
  class space    used 3655K, committed 3840K, reserved 1048576K
}
Event: 7.364 GC heap after
{Heap after GC invocations=10 (full 0):
 garbage-first heap   total 69632K, used 23304K [0x0000000700000000, 0x0000000800000000)
  region size 2048K, 1 young (2048K), 1 survivors (2048K)
 Metaspace       used 28831K, committed 29184K, reserved 1081344K
  class space    used 3655K, committed 3840K, reserved 1048576K
}
Event: 8.414 GC heap before
{Heap before GC invocations=10 (full 0):
 garbage-first heap   total 69632K, used 51976K [0x0000000700000000, 0x0000000800000000)
  region size 2048K, 15 young (30720K), 1 survivors (2048K)
 Metaspace       used 28882K, committed 29248K, reserved 1081344K
  class space    used 3656K, committed 3840K, reserved 1048576K
}
Event: 8.415 GC heap after
{Heap after GC invocations=11 (full 0):
 garbage-first heap   total 69632K, used 23664K [0x0000000700000000, 0x0000000800000000)
  region size 2048K, 1 young (2048K), 1 survivors (2048K)
 Metaspace       used 28882K, committed 29248K, reserved 1081344K
  class space    used 3656K, committed 3840K, reserved 1048576K
}
Event: 9.438 GC heap before
{Heap before GC invocations=11 (full 0):
 garbage-first heap   total 69632K, used 52336K [0x0000000700000000, 0x0000000800000000)
  region size 2048K, 15 young (30720K), 1 survivors (2048K)
 Metaspace       used 28919K, committed 29248K, reserved 1081344K
  class space    used 3656K, committed 3840K, reserved 1048576K
}
Event: 9.439 GC heap after
{Heap after GC invocations=12 (full 0):
 garbage-first heap   total 69632K, used 23770K [0x0000000700000000, 0x0000000800000000)
  region size 2048K, 2 young (4096K), 2 survivors (4096K)
 Metaspace       used 28919K, committed 29248K, reserved 1081344K
  class space    used 3656K, committed 3840K, reserved 1048576K
}
Event: 10.582 GC heap before
{Heap before GC invocations=12 (full 0):
 garbage-first heap   total 69632K, used 52442K [0x0000000700000000, 0x0000000800000000)
  region size 2048K, 16 young (32768K), 2 survivors (4096K)
 Metaspace       used 28931K, committed 29312K, reserved 1081344K
  class space    used 3656K, committed 3840K, reserved 1048576K
}
Event: 10.583 GC heap after
{Heap after GC invocations=13 (full 0):
 garbage-first heap   total 69632K, used 24013K [0x0000000700000000, 0x0000000800000000)
  region size 2048K, 2 young (4096K), 2 survivors (4096K)
 Metaspace       used 28931K, committed 29312K, reserved 1081344K
  class space    used 3656K, committed 3840K, reserved 1048576K
}
Event: 11.713 GC heap before
{Heap before GC invocations=13 (full 0):
 garbage-first heap   total 69632K, used 52685K [0x0000000700000000, 0x0000000800000000)
  region size 2048K, 16 young (32768K), 2 survivors (4096K)
 Metaspace       used 28943K, committed 29312K, reserved 1081344K
  class space    used 3656K, committed 3840K, reserved 1048576K
}
Event: 11.715 GC heap after
{Heap after GC invocations=14 (full 0):
 garbage-first heap   total 69632K, used 24358K [0x0000000700000000, 0x0000000800000000)
  region size 2048K, 1 young (2048K), 1 survivors (2048K)
 Metaspace       used 28943K, committed 29312K, reserved 1081344K
  class space    used 3656K, committed 3840K, reserved 1048576K
}
Event: 12.746 GC heap before
{Heap before GC invocations=14 (full 0):
 garbage-first heap   total 69632K, used 53030K [0x0000000700000000, 0x0000000800000000)
  region size 2048K, 15 young (30720K), 1 survivors (2048K)
 Metaspace       used 28976K, committed 29312K, reserved 1081344K
  class space    used 3656K, committed 3840K, reserved 1048576K
}
Event: 12.747 GC heap after
{Heap after GC invocations=15 (full 0):
 garbage-first heap   total 69632K, used 24594K [0x0000000700000000, 0x0000000800000000)
  region size 2048K, 1 young (2048K), 1 survivors (2048K)
 Metaspace       used 28976K, committed 29312K, reserved 1081344K
  class space    used 3656K, committed 3840K, reserved 1048576K
}
Event: 14.715 GC heap before
{Heap before GC invocations=15 (full 0):
 garbage-first heap   total 69632K, used 53266K [0x0000000700000000, 0x0000000800000000)
  region size 2048K, 15 young (30720K), 1 survivors (2048K)
 Metaspace       used 29000K, committed 29376K, reserved 1081344K
  class space    used 3656K, committed 3840K, reserved 1048576K
}
Event: 14.717 GC heap after
{Heap after GC invocations=16 (full 0):
 garbage-first heap   total 69632K, used 24620K [0x0000000700000000, 0x0000000800000000)
  region size 2048K, 1 young (2048K), 1 survivors (2048K)
 Metaspace       used 29000K, committed 29376K, reserved 1081344K
  class space    used 3656K, committed 3840K, reserved 1048576K
}
Event: 16.966 GC heap before
{Heap before GC invocations=16 (full 0):
 garbage-first heap   total 69632K, used 55340K [0x0000000700000000, 0x0000000800000000)
  region size 2048K, 16 young (32768K), 1 survivors (2048K)
 Metaspace       used 29236K, committed 29568K, reserved 1081344K
  class space    used 3675K, committed 3840K, reserved 1048576K
}
Event: 16.967 GC heap after
{Heap after GC invocations=17 (full 0):
 garbage-first heap   total 69632K, used 25033K [0x0000000700000000, 0x0000000800000000)
  region size 2048K, 2 young (4096K), 2 survivors (4096K)
 Metaspace       used 29236K, committed 29568K, reserved 1081344K
  class space    used 3675K, committed 3840K, reserved 1048576K
}

