# JRE version: OpenJDK Runtime Environment Corretto-17.0.6.10.1 (17.0.6+10) (build 17.0.6+10-LTS)
# Java VM: OpenJDK 64-Bit Server VM Corretto-17.0.6.10.1 (17.0.6+10-LTS, mixed mode, sharing, tiered, compressed oops, compressed class ptrs, g1 gc, bsd-aarch64)
GC Precious Log:
 CPUs: 8 total, 8 available
 Memory: 16384M
 Large Page Support: Disabled
 NUMA Support: Disabled
 Compressed Oops: Enabled (Zero based)
 Heap Region Size: 2M
 Heap Min Capacity: 8M
 Heap Initial Capacity: 256M
 Heap Max Capacity: 4G
 Pre-touch: Disabled
 Parallel Workers: 8
 Concurrent Workers: 2
 Concurrent Refinement Workers: 8
 Periodic GC: Disabled
Heap:
 garbage-first heap   total 75776K, used 41598K [0x0000000700000000, 0x0000000800000000)
  region size 2048K, 11 young (22528K), 1 survivors (2048K)
 Metaspace       used 29218K, committed 29568K, reserved 1081344K
  class space    used 3678K, committed 3840K, reserved 1048576K
GC Heap History (18 events):
Event: 0.253 GC heap before
{Heap before GC invocations=0 (full 0):
 garbage-first heap   total 266240K, used 22496K [0x0000000700000000, 0x0000000800000000)
  region size 2048K, 11 young (22528K), 0 survivors (0K)
 Metaspace       used 5747K, committed 5952K, reserved 1056768K
  class space    used 544K, committed 640K, reserved 1048576K
}
Event: 0.255 GC heap after
{Heap after GC invocations=1 (full 0):
 garbage-first heap   total 266240K, used 4975K [0x0000000700000000, 0x0000000800000000)
  region size 2048K, 2 young (4096K), 2 survivors (4096K)
 Metaspace       used 5747K, committed 5952K, reserved 1056768K
  class space    used 544K, committed 640K, reserved 1048576K
}
Event: 0.758 GC heap before
{Heap before GC invocations=1 (full 0):
 garbage-first heap   total 266240K, used 60271K [0x0000000700000000, 0x0000000800000000)
  region size 2048K, 29 young (59392K), 2 survivors (4096K)
 Metaspace       used 15786K, committed 16064K, reserved 1064960K
  class space    used 2171K, committed 2304K, reserved 1048576K
}
Event: 0.761 GC heap after
{Heap after GC invocations=2 (full 0):
 garbage-first heap   total 266240K, used 10291K [0x0000000700000000, 0x0000000800000000)
  region size 2048K, 4 young (8192K), 4 survivors (8192K)
 Metaspace       used 15786K, committed 16064K, reserved 1064960K
  class space    used 2171K, committed 2304K, reserved 1048576K
}
Event: 0.858 GC heap before
{Heap before GC invocations=2 (full 0):
 garbage-first heap   total 266240K, used 28723K [0x0000000700000000, 0x0000000800000000)
  region size 2048K, 14 young (28672K), 4 survivors (8192K)
 Metaspace       used 21277K, committed 21504K, reserved 1073152K
  class space    used 2836K, committed 2944K, reserved 1048576K
}
Event: 0.862 GC heap after
{Heap after GC invocations=3 (full 0):
 garbage-first heap   total 266240K, used 13413K [0x0000000700000000, 0x0000000800000000)
  region size 2048K, 6 young (12288K), 6 survivors (12288K)
 Metaspace       used 21277K, committed 21504K, reserved 1073152K
  class space    used 2836K, committed 2944K, reserved 1048576K
}
Event: 2.680 GC heap before
{Heap before GC invocations=4 (full 0):
 garbage-first heap   total 75776K, used 50277K [0x0000000700000000, 0x0000000800000000)
  region size 2048K, 21 young (43008K), 6 survivors (12288K)
 Metaspace       used 27809K, committed 28160K, reserved 1073152K
  class space    used 3596K, committed 3776K, reserved 1048576K
}
Event: 2.687 GC heap after
{Heap after GC invocations=5 (full 0):
 garbage-first heap   total 75776K, used 22345K [0x0000000700000000, 0x0000000800000000)
  region size 2048K, 3 young (6144K), 3 survivors (6144K)
 Metaspace       used 27809K, committed 28160K, reserved 1073152K
  class space    used 3596K, committed 3776K, reserved 1048576K
}
Event: 2.892 GC heap before
{Heap before GC invocations=5 (full 0):
 garbage-first heap   total 75776K, used 24393K [0x0000000700000000, 0x0000000800000000)
  region size 2048K, 4 young (8192K), 3 survivors (6144K)
 Metaspace       used 27885K, committed 28224K, reserved 1073152K
  class space    used 3599K, committed 3776K, reserved 1048576K
}
Event: 2.894 GC heap after
{Heap after GC invocations=6 (full 0):
 garbage-first heap   total 75776K, used 23096K [0x0000000700000000, 0x0000000800000000)
  region size 2048K, 1 young (2048K), 1 survivors (2048K)
 Metaspace       used 27885K, committed 28224K, reserved 1073152K
  class space    used 3599K, committed 3776K, reserved 1048576K
}
Event: 4.019 GC heap before
{Heap before GC invocations=6 (full 0):
 garbage-first heap   total 75776K, used 49720K [0x0000000700000000, 0x0000000800000000)
  region size 2048K, 14 young (28672K), 1 survivors (2048K)
 Metaspace       used 28390K, committed 28736K, reserved 1081344K
  class space    used 3648K, committed 3840K, reserved 1048576K
}
Event: 4.020 GC heap after
{Heap after GC invocations=7 (full 0):
 garbage-first heap   total 75776K, used 22593K [0x0000000700000000, 0x0000000800000000)
  region size 2048K, 1 young (2048K), 1 survivors (2048K)
 Metaspace       used 28390K, committed 28736K, reserved 1081344K
  class space    used 3648K, committed 3840K, reserved 1048576K
}
Event: 5.336 GC heap before
{Heap before GC invocations=7 (full 0):
 garbage-first heap   total 75776K, used 51265K [0x0000000700000000, 0x0000000800000000)
  region size 2048K, 15 young (30720K), 1 survivors (2048K)
 Metaspace       used 28586K, committed 28992K, reserved 1081344K
  class space    used 3649K, committed 3840K, reserved 1048576K
}
Event: 5.337 GC heap after
{Heap after GC invocations=8 (full 0):
 garbage-first heap   total 75776K, used 22738K [0x0000000700000000, 0x0000000800000000)
  region size 2048K, 1 young (2048K), 1 survivors (2048K)
 Metaspace       used 28586K, committed 28992K, reserved 1081344K
  class space    used 3649K, committed 3840K, reserved 1048576K
}
Event: 6.336 GC heap before
{Heap before GC invocations=8 (full 0):
 garbage-first heap   total 75776K, used 53458K [0x0000000700000000, 0x0000000800000000)
  region size 2048K, 16 young (32768K), 1 survivors (2048K)
 Metaspace       used 28768K, committed 29120K, reserved 1081344K
  class space    used 3653K, committed 3840K, reserved 1048576K
}
Event: 6.337 GC heap after
{Heap after GC invocations=9 (full 0):
 garbage-first heap   total 75776K, used 22910K [0x0000000700000000, 0x0000000800000000)
  region size 2048K, 1 young (2048K), 1 survivors (2048K)
 Metaspace       used 28768K, committed 29120K, reserved 1081344K
  class space    used 3653K, committed 3840K, reserved 1048576K
}
Event: 7.437 GC heap before
{Heap before GC invocations=9 (full 0):
 garbage-first heap   total 75776K, used 55678K [0x0000000700000000, 0x0000000800000000)
  region size 2048K, 17 young (34816K), 1 survivors (2048K)
 Metaspace       used 28868K, committed 29248K, reserved 1081344K
  class space    used 3655K, committed 3840K, reserved 1048576K
}
Event: 7.438 GC heap after
{Heap after GC invocations=10 (full 0):
 garbage-first heap   total 75776K, used 23166K [0x0000000700000000, 0x0000000800000000)
  region size 2048K, 1 young (2048K), 1 survivors (2048K)
 Metaspace       used 28868K, committed 29248K, reserved 1081344K
  class space    used 3655K, committed 3840K, reserved 1048576K
}

