# JRE version: OpenJDK Runtime Environment Corretto-17.0.6.10.1 (17.0.6+10) (build 17.0.6+10-LTS)
# Java VM: OpenJDK 64-Bit Server VM Corretto-17.0.6.10.1 (17.0.6+10-LTS, mixed mode, sharing, tiered, compressed oops, compressed class ptrs, g1 gc, bsd-aarch64)
GC Precious Log:
 CPUs: 8 total, 8 available
 Memory: 16384M
 Large Page Support: Disabled
 NUMA Support: Disabled
 Compressed Oops: Enabled (Zero based)
 Heap Region Size: 2M
 Heap Min Capacity: 8M
 Heap Initial Capacity: 256M
 Heap Max Capacity: 4G
 Pre-touch: Disabled
 Parallel Workers: 8
 Concurrent Workers: 2
 Concurrent Refinement Workers: 8
 Periodic GC: Disabled
Heap:
 garbage-first heap   total 75776K, used 24973K [0x0000000700000000, 0x0000000800000000)
  region size 2048K, 3 young (6144K), 1 survivors (2048K)
 Metaspace       used 29346K, committed 29696K, reserved 1081344K
  class space    used 3690K, committed 3840K, reserved 1048576K
GC Heap History (16 events):
Event: 0.256 GC heap before
{Heap before GC invocations=0 (full 0):
 garbage-first heap   total 266240K, used 22496K [0x0000000700000000, 0x0000000800000000)
  region size 2048K, 11 young (22528K), 0 survivors (0K)
 Metaspace       used 5755K, committed 5952K, reserved 1056768K
  class space    used 545K, committed 640K, reserved 1048576K
}
Event: 0.258 GC heap after
{Heap after GC invocations=1 (full 0):
 garbage-first heap   total 266240K, used 4892K [0x0000000700000000, 0x0000000800000000)
  region size 2048K, 2 young (4096K), 2 survivors (4096K)
 Metaspace       used 5755K, committed 5952K, reserved 1056768K
  class space    used 545K, committed 640K, reserved 1048576K
}
Event: 0.806 GC heap before
{Heap before GC invocations=1 (full 0):
 garbage-first heap   total 266240K, used 62236K [0x0000000700000000, 0x0000000800000000)
  region size 2048K, 30 young (61440K), 2 survivors (4096K)
 Metaspace       used 16594K, committed 16832K, reserved 1064960K
  class space    used 2269K, committed 2368K, reserved 1048576K
}
Event: 0.809 GC heap after
{Heap after GC invocations=2 (full 0):
 garbage-first heap   total 266240K, used 10673K [0x0000000700000000, 0x0000000800000000)
  region size 2048K, 4 young (8192K), 4 survivors (8192K)
 Metaspace       used 16594K, committed 16832K, reserved 1064960K
  class space    used 2269K, committed 2368K, reserved 1048576K
}
Event: 0.898 GC heap before
{Heap before GC invocations=2 (full 0):
 garbage-first heap   total 266240K, used 27057K [0x0000000700000000, 0x0000000800000000)
  region size 2048K, 13 young (26624K), 4 survivors (8192K)
 Metaspace       used 21260K, committed 21504K, reserved 1073152K
  class space    used 2835K, committed 2944K, reserved 1048576K
}
Event: 0.901 GC heap after
{Heap after GC invocations=3 (full 0):
 garbage-first heap   total 266240K, used 13569K [0x0000000700000000, 0x0000000800000000)
  region size 2048K, 6 young (12288K), 6 survivors (12288K)
 Metaspace       used 21260K, committed 21504K, reserved 1073152K
  class space    used 2835K, committed 2944K, reserved 1048576K
}
Event: 4.819 GC heap before
{Heap before GC invocations=4 (full 0):
 garbage-first heap   total 75776K, used 50433K [0x0000000700000000, 0x0000000800000000)
  region size 2048K, 21 young (43008K), 6 survivors (12288K)
 Metaspace       used 28201K, committed 28480K, reserved 1081344K
  class space    used 3611K, committed 3776K, reserved 1048576K
}
Event: 4.833 GC heap after
{Heap after GC invocations=5 (full 0):
 garbage-first heap   total 75776K, used 22163K [0x0000000700000000, 0x0000000800000000)
  region size 2048K, 3 young (6144K), 3 survivors (6144K)
 Metaspace       used 28201K, committed 28480K, reserved 1081344K
  class space    used 3611K, committed 3776K, reserved 1048576K
}
Event: 5.802 GC heap before
{Heap before GC invocations=5 (full 0):
 garbage-first heap   total 75776K, used 24211K [0x0000000700000000, 0x0000000800000000)
  region size 2048K, 4 young (8192K), 3 survivors (6144K)
 Metaspace       used 28484K, committed 28800K, reserved 1081344K
  class space    used 3632K, committed 3776K, reserved 1048576K
}
Event: 5.805 GC heap after
{Heap after GC invocations=6 (full 0):
 garbage-first heap   total 75776K, used 23038K [0x0000000700000000, 0x0000000800000000)
  region size 2048K, 1 young (2048K), 1 survivors (2048K)
 Metaspace       used 28484K, committed 28800K, reserved 1081344K
  class space    used 3632K, committed 3776K, reserved 1048576K
}
Event: 7.489 GC heap before
{Heap before GC invocations=6 (full 0):
 garbage-first heap   total 75776K, used 49662K [0x0000000700000000, 0x0000000800000000)
  region size 2048K, 14 young (28672K), 1 survivors (2048K)
 Metaspace       used 28783K, committed 29120K, reserved 1081344K
  class space    used 3648K, committed 3776K, reserved 1048576K
}
Event: 7.490 GC heap after
{Heap after GC invocations=7 (full 0):
 garbage-first heap   total 75776K, used 22378K [0x0000000700000000, 0x0000000800000000)
  region size 2048K, 1 young (2048K), 1 survivors (2048K)
 Metaspace       used 28783K, committed 29120K, reserved 1081344K
  class space    used 3648K, committed 3776K, reserved 1048576K
}
Event: 8.303 GC heap before
{Heap before GC invocations=8 (full 0):
 garbage-first heap   total 75776K, used 51050K [0x0000000700000000, 0x0000000800000000)
  region size 2048K, 15 young (30720K), 1 survivors (2048K)
 Metaspace       used 28846K, committed 29184K, reserved 1081344K
  class space    used 3649K, committed 3776K, reserved 1048576K
}
Event: 8.303 GC heap after
{Heap after GC invocations=9 (full 0):
 garbage-first heap   total 75776K, used 22408K [0x0000000700000000, 0x0000000800000000)
  region size 2048K, 1 young (2048K), 1 survivors (2048K)
 Metaspace       used 28846K, committed 29184K, reserved 1081344K
  class space    used 3649K, committed 3776K, reserved 1048576K
}
Event: 10.851 GC heap before
{Heap before GC invocations=9 (full 0):
 garbage-first heap   total 75776K, used 53128K [0x0000000700000000, 0x0000000800000000)
  region size 2048K, 16 young (32768K), 1 survivors (2048K)
 Metaspace       used 29126K, committed 29440K, reserved 1081344K
  class space    used 3667K, committed 3776K, reserved 1048576K
}
Event: 10.852 GC heap after
{Heap after GC invocations=10 (full 0):
 garbage-first heap   total 75776K, used 22925K [0x0000000700000000, 0x0000000800000000)
  region size 2048K, 1 young (2048K), 1 survivors (2048K)
 Metaspace       used 29126K, committed 29440K, reserved 1081344K
  class space    used 3667K, committed 3776K, reserved 1048576K
}

