# JRE version: OpenJDK Runtime Environment Corretto-17.0.6.10.1 (17.0.6+10) (build 17.0.6+10-LTS)
# Java VM: OpenJDK 64-Bit Server VM Corretto-17.0.6.10.1 (17.0.6+10-LTS, mixed mode, sharing, tiered, compressed oops, compressed class ptrs, g1 gc, bsd-aarch64)
GC Precious Log:
 CPUs: 8 total, 8 available
 Memory: 16384M
 Large Page Support: Disabled
 NUMA Support: Disabled
 Compressed Oops: Enabled (Zero based)
 Heap Region Size: 2M
 Heap Min Capacity: 8M
 Heap Initial Capacity: 256M
 Heap Max Capacity: 4G
 Pre-touch: Disabled
 Parallel Workers: 8
 Concurrent Workers: 2
 Concurrent Refinement Workers: 8
 Periodic GC: Disabled
Heap:
 garbage-first heap   total 61440K, used 41549K [0x0000000700000000, 0x0000000800000000)
  region size 2048K, 11 young (22528K), 1 survivors (2048K)
 Metaspace       used 29125K, committed 29440K, reserved 1081344K
  class space    used 3706K, committed 3840K, reserved 1048576K
GC Heap History (10 events):
Event: 0.259 GC heap before
{Heap before GC invocations=0 (full 0):
 garbage-first heap   total 266240K, used 24544K [0x0000000700000000, 0x0000000800000000)
  region size 2048K, 11 young (22528K), 0 survivors (0K)
 Metaspace       used 5763K, committed 5952K, reserved 1056768K
  class space    used 541K, committed 640K, reserved 1048576K
}
Event: 0.260 GC heap after
{Heap after GC invocations=1 (full 0):
 garbage-first heap   total 266240K, used 4917K [0x0000000700000000, 0x0000000800000000)
  region size 2048K, 2 young (4096K), 2 survivors (4096K)
 Metaspace       used 5763K, committed 5952K, reserved 1056768K
  class space    used 541K, committed 640K, reserved 1048576K
}
Event: 0.813 GC heap before
{Heap before GC invocations=1 (full 0):
 garbage-first heap   total 266240K, used 60213K [0x0000000700000000, 0x0000000800000000)
  region size 2048K, 29 young (59392K), 2 survivors (4096K)
 Metaspace       used 17725K, committed 18048K, reserved 1064960K
  class space    used 2401K, committed 2560K, reserved 1048576K
}
Event: 0.816 GC heap after
{Heap after GC invocations=2 (full 0):
 garbage-first heap   total 266240K, used 11495K [0x0000000700000000, 0x0000000800000000)
  region size 2048K, 4 young (8192K), 4 survivors (8192K)
 Metaspace       used 17725K, committed 18048K, reserved 1064960K
  class space    used 2401K, committed 2560K, reserved 1048576K
}
Event: 0.885 GC heap before
{Heap before GC invocations=2 (full 0):
 garbage-first heap   total 266240K, used 23783K [0x0000000700000000, 0x0000000800000000)
  region size 2048K, 11 young (22528K), 4 survivors (8192K)
 Metaspace       used 21210K, committed 21504K, reserved 1073152K
  class space    used 2822K, committed 2944K, reserved 1048576K
}
Event: 0.889 GC heap after
{Heap after GC invocations=3 (full 0):
 garbage-first heap   total 266240K, used 13222K [0x0000000700000000, 0x0000000800000000)
  region size 2048K, 5 young (10240K), 5 survivors (10240K)
 Metaspace       used 21210K, committed 21504K, reserved 1073152K
  class space    used 2822K, committed 2944K, reserved 1048576K
}
Event: 3.689 GC heap before
{Heap before GC invocations=4 (full 0):
 garbage-first heap   total 61440K, used 39846K [0x0000000700000000, 0x0000000800000000)
  region size 2048K, 17 young (34816K), 5 survivors (10240K)
 Metaspace       used 27578K, committed 27840K, reserved 1081344K
  class space    used 3567K, committed 3712K, reserved 1048576K
}
Event: 3.694 GC heap after
{Heap after GC invocations=5 (full 0):
 garbage-first heap   total 61440K, used 22577K [0x0000000700000000, 0x0000000800000000)
  region size 2048K, 3 young (6144K), 3 survivors (6144K)
 Metaspace       used 27578K, committed 27840K, reserved 1081344K
  class space    used 3567K, committed 3712K, reserved 1048576K
}
Event: 3.989 GC heap before
{Heap before GC invocations=5 (full 0):
 garbage-first heap   total 61440K, used 24625K [0x0000000700000000, 0x0000000800000000)
  region size 2048K, 4 young (8192K), 3 survivors (6144K)
 Metaspace       used 27699K, committed 28032K, reserved 1081344K
  class space    used 3568K, committed 3712K, reserved 1048576K
}
Event: 3.991 GC heap after
{Heap after GC invocations=6 (full 0):
 garbage-first heap   total 61440K, used 23117K [0x0000000700000000, 0x0000000800000000)
  region size 2048K, 1 young (2048K), 1 survivors (2048K)
 Metaspace       used 27699K, committed 28032K, reserved 1081344K
  class space    used 3568K, committed 3712K, reserved 1048576K
}

