# JRE version: OpenJDK Runtime Environment Corretto-17.0.6.10.1 (17.0.6+10) (build 17.0.6+10-LTS)
# Java VM: OpenJDK 64-Bit Server VM Corretto-17.0.6.10.1 (17.0.6+10-LTS, mixed mode, sharing, tiered, compressed oops, compressed class ptrs, g1 gc, bsd-aarch64)
GC Precious Log:
 CPUs: 8 total, 8 available
 Memory: 16384M
 Large Page Support: Disabled
 NUMA Support: Disabled
 Compressed Oops: Enabled (Zero based)
 Heap Region Size: 2M
 Heap Min Capacity: 8M
 Heap Initial Capacity: 256M
 Heap Max Capacity: 4G
 Pre-touch: Disabled
 Parallel Workers: 8
 Concurrent Workers: 2
 Concurrent Refinement Workers: 8
 Periodic GC: Disabled
Heap:
 garbage-first heap   total 75776K, used 30783K [0x0000000700000000, 0x0000000800000000)
  region size 2048K, 6 young (12288K), 2 survivors (4096K)
 Metaspace       used 29441K, committed 29760K, reserved 1081344K
  class space    used 3691K, committed 3840K, reserved 1048576K
GC Heap History (20 events):
Event: 8.299 GC heap before
{Heap before GC invocations=7 (full 0):
 garbage-first heap   total 75776K, used 51295K [0x0000000700000000, 0x0000000800000000)
  region size 2048K, 15 young (30720K), 1 survivors (2048K)
 Metaspace       used 28811K, committed 29184K, reserved 1081344K
  class space    used 3650K, committed 3840K, reserved 1048576K
}
Event: 8.299 GC heap after
{Heap after GC invocations=8 (full 0):
 garbage-first heap   total 75776K, used 22757K [0x0000000700000000, 0x0000000800000000)
  region size 2048K, 1 young (2048K), 1 survivors (2048K)
 Metaspace       used 28811K, committed 29184K, reserved 1081344K
  class space    used 3650K, committed 3840K, reserved 1048576K
}
Event: 9.274 GC heap before
{Heap before GC invocations=8 (full 0):
 garbage-first heap   total 75776K, used 53477K [0x0000000700000000, 0x0000000800000000)
  region size 2048K, 16 young (32768K), 1 survivors (2048K)
 Metaspace       used 28845K, committed 29184K, reserved 1081344K
  class space    used 3650K, committed 3840K, reserved 1048576K
}
Event: 9.275 GC heap after
{Heap after GC invocations=9 (full 0):
 garbage-first heap   total 75776K, used 23009K [0x0000000700000000, 0x0000000800000000)
  region size 2048K, 1 young (2048K), 1 survivors (2048K)
 Metaspace       used 28845K, committed 29184K, reserved 1081344K
  class space    used 3650K, committed 3840K, reserved 1048576K
}
Event: 10.412 GC heap before
{Heap before GC invocations=9 (full 0):
 garbage-first heap   total 75776K, used 55777K [0x0000000700000000, 0x0000000800000000)
  region size 2048K, 17 young (34816K), 1 survivors (2048K)
 Metaspace       used 28875K, committed 29248K, reserved 1081344K
  class space    used 3650K, committed 3840K, reserved 1048576K
}
Event: 10.412 GC heap after
{Heap after GC invocations=10 (full 0):
 garbage-first heap   total 75776K, used 23217K [0x0000000700000000, 0x0000000800000000)
  region size 2048K, 1 young (2048K), 1 survivors (2048K)
 Metaspace       used 28875K, committed 29248K, reserved 1081344K
  class space    used 3650K, committed 3840K, reserved 1048576K
}
Event: 11.503 GC heap before
{Heap before GC invocations=10 (full 0):
 garbage-first heap   total 75776K, used 58033K [0x0000000700000000, 0x0000000800000000)
  region size 2048K, 18 young (36864K), 1 survivors (2048K)
 Metaspace       used 28918K, committed 29312K, reserved 1081344K
  class space    used 3650K, committed 3840K, reserved 1048576K
}
Event: 11.504 GC heap after
{Heap after GC invocations=11 (full 0):
 garbage-first heap   total 75776K, used 23373K [0x0000000700000000, 0x0000000800000000)
  region size 2048K, 1 young (2048K), 1 survivors (2048K)
 Metaspace       used 28918K, committed 29312K, reserved 1081344K
  class space    used 3650K, committed 3840K, reserved 1048576K
}
Event: 12.695 GC heap before
{Heap before GC invocations=11 (full 0):
 garbage-first heap   total 75776K, used 58189K [0x0000000700000000, 0x0000000800000000)
  region size 2048K, 18 young (36864K), 1 survivors (2048K)
 Metaspace       used 28933K, committed 29312K, reserved 1081344K
  class space    used 3650K, committed 3840K, reserved 1048576K
}
Event: 12.696 GC heap after
{Heap after GC invocations=12 (full 0):
 garbage-first heap   total 75776K, used 23628K [0x0000000700000000, 0x0000000800000000)
  region size 2048K, 1 young (2048K), 1 survivors (2048K)
 Metaspace       used 28933K, committed 29312K, reserved 1081344K
  class space    used 3650K, committed 3840K, reserved 1048576K
}
Event: 13.887 GC heap before
{Heap before GC invocations=12 (full 0):
 garbage-first heap   total 75776K, used 60492K [0x0000000700000000, 0x0000000800000000)
  region size 2048K, 19 young (38912K), 1 survivors (2048K)
 Metaspace       used 28961K, committed 29312K, reserved 1081344K
  class space    used 3650K, committed 3840K, reserved 1048576K
}
Event: 13.888 GC heap after
{Heap after GC invocations=13 (full 0):
 garbage-first heap   total 75776K, used 23927K [0x0000000700000000, 0x0000000800000000)
  region size 2048K, 1 young (2048K), 1 survivors (2048K)
 Metaspace       used 28961K, committed 29312K, reserved 1081344K
  class space    used 3650K, committed 3840K, reserved 1048576K
}
Event: 15.078 GC heap before
{Heap before GC invocations=13 (full 0):
 garbage-first heap   total 75776K, used 60791K [0x0000000700000000, 0x0000000800000000)
  region size 2048K, 19 young (38912K), 1 survivors (2048K)
 Metaspace       used 28989K, committed 29376K, reserved 1081344K
  class space    used 3650K, committed 3840K, reserved 1048576K
}
Event: 15.079 GC heap after
{Heap after GC invocations=14 (full 0):
 garbage-first heap   total 75776K, used 24006K [0x0000000700000000, 0x0000000800000000)
  region size 2048K, 1 young (2048K), 1 survivors (2048K)
 Metaspace       used 28989K, committed 29376K, reserved 1081344K
  class space    used 3650K, committed 3840K, reserved 1048576K
}
Event: 16.776 GC heap before
{Heap before GC invocations=14 (full 0):
 garbage-first heap   total 75776K, used 60870K [0x0000000700000000, 0x0000000800000000)
  region size 2048K, 19 young (38912K), 1 survivors (2048K)
 Metaspace       used 29014K, committed 29376K, reserved 1081344K
  class space    used 3650K, committed 3840K, reserved 1048576K
}
Event: 16.777 GC heap after
{Heap after GC invocations=15 (full 0):
 garbage-first heap   total 75776K, used 24278K [0x0000000700000000, 0x0000000800000000)
  region size 2048K, 2 young (4096K), 2 survivors (4096K)
 Metaspace       used 29014K, committed 29376K, reserved 1081344K
  class space    used 3650K, committed 3840K, reserved 1048576K
}
Event: 19.984 GC heap before
{Heap before GC invocations=15 (full 0):
 garbage-first heap   total 75776K, used 59094K [0x0000000700000000, 0x0000000800000000)
  region size 2048K, 19 young (38912K), 2 survivors (4096K)
 Metaspace       used 29023K, committed 29376K, reserved 1081344K
  class space    used 3651K, committed 3840K, reserved 1048576K
}
Event: 19.986 GC heap after
{Heap after GC invocations=16 (full 0):
 garbage-first heap   total 75776K, used 24486K [0x0000000700000000, 0x0000000800000000)
  region size 2048K, 2 young (4096K), 2 survivors (4096K)
 Metaspace       used 29023K, committed 29376K, reserved 1081344K
  class space    used 3651K, committed 3840K, reserved 1048576K
}
Event: 22.608 GC heap before
{Heap before GC invocations=16 (full 0):
 garbage-first heap   total 75776K, used 59302K [0x0000000700000000, 0x0000000800000000)
  region size 2048K, 19 young (38912K), 2 survivors (4096K)
 Metaspace       used 29072K, committed 29440K, reserved 1081344K
  class space    used 3652K, committed 3840K, reserved 1048576K
}
Event: 22.610 GC heap after
{Heap after GC invocations=17 (full 0):
 garbage-first heap   total 75776K, used 24639K [0x0000000700000000, 0x0000000800000000)
  region size 2048K, 2 young (4096K), 2 survivors (4096K)
 Metaspace       used 29072K, committed 29440K, reserved 1081344K
  class space    used 3652K, committed 3840K, reserved 1048576K
}

