# JRE version: OpenJDK Runtime Environment Corretto-17.0.6.10.1 (17.0.6+10) (build 17.0.6+10-LTS)
# Java VM: OpenJDK 64-Bit Server VM Corretto-17.0.6.10.1 (17.0.6+10-LTS, mixed mode, sharing, tiered, compressed oops, compressed class ptrs, g1 gc, bsd-aarch64)
GC Precious Log:
 CPUs: 8 total, 8 available
 Memory: 16384M
 Large Page Support: Disabled
 NUMA Support: Disabled
 Compressed Oops: Enabled (Zero based)
 Heap Region Size: 2M
 Heap Min Capacity: 8M
 Heap Initial Capacity: 256M
 Heap Max Capacity: 4G
 Pre-touch: Disabled
 Parallel Workers: 8
 Concurrent Workers: 2
 Concurrent Refinement Workers: 8
 Periodic GC: Disabled
Heap:
 garbage-first heap   total 122880K, used 57025K [0x0000000700000000, 0x0000000800000000)
  region size 2048K, 2 young (4096K), 1 survivors (2048K)
 Metaspace       used 34590K, committed 34944K, reserved 1081344K
  class space    used 4446K, committed 4608K, reserved 1048576K
GC Heap History (20 events):
Event: 23.398 GC heap before
{Heap before GC invocations=24 (full 0):
 garbage-first heap   total 122880K, used 103454K [0x0000000700000000, 0x0000000800000000)
  region size 2048K, 24 young (49152K), 1 survivors (2048K)
 Metaspace       used 34015K, committed 34304K, reserved 1081344K
  class space    used 4390K, committed 4544K, reserved 1048576K
}
Event: 23.399 GC heap after
{Heap after GC invocations=25 (full 0):
 garbage-first heap   total 122880K, used 56302K [0x0000000700000000, 0x0000000800000000)
  region size 2048K, 1 young (2048K), 1 survivors (2048K)
 Metaspace       used 34015K, committed 34304K, reserved 1081344K
  class space    used 4390K, committed 4544K, reserved 1048576K
}
Event: 23.964 GC heap before
{Heap before GC invocations=26 (full 0):
 garbage-first heap   total 122880K, used 103406K [0x0000000700000000, 0x0000000800000000)
  region size 2048K, 24 young (49152K), 1 survivors (2048K)
 Metaspace       used 34059K, committed 34432K, reserved 1081344K
  class space    used 4390K, committed 4544K, reserved 1048576K
}
Event: 23.967 GC heap after
{Heap after GC invocations=27 (full 0):
 garbage-first heap   total 122880K, used 56515K [0x0000000700000000, 0x0000000800000000)
  region size 2048K, 1 young (2048K), 1 survivors (2048K)
 Metaspace       used 34059K, committed 34432K, reserved 1081344K
  class space    used 4390K, committed 4544K, reserved 1048576K
}
Event: 24.469 GC heap before
{Heap before GC invocations=27 (full 0):
 garbage-first heap   total 122880K, used 103619K [0x0000000700000000, 0x0000000800000000)
  region size 2048K, 24 young (49152K), 1 survivors (2048K)
 Metaspace       used 34074K, committed 34432K, reserved 1081344K
  class space    used 4390K, committed 4544K, reserved 1048576K
}
Event: 24.470 GC heap after
{Heap after GC invocations=28 (full 0):
 garbage-first heap   total 122880K, used 56583K [0x0000000700000000, 0x0000000800000000)
  region size 2048K, 1 young (2048K), 1 survivors (2048K)
 Metaspace       used 34074K, committed 34432K, reserved 1081344K
  class space    used 4390K, committed 4544K, reserved 1048576K
}
Event: 25.128 GC heap before
{Heap before GC invocations=29 (full 0):
 garbage-first heap   total 122880K, used 103687K [0x0000000700000000, 0x0000000800000000)
  region size 2048K, 24 young (49152K), 1 survivors (2048K)
 Metaspace       used 34101K, committed 34432K, reserved 1081344K
  class space    used 4390K, committed 4544K, reserved 1048576K
}
Event: 25.129 GC heap after
{Heap after GC invocations=30 (full 0):
 garbage-first heap   total 122880K, used 56741K [0x0000000700000000, 0x0000000800000000)
  region size 2048K, 1 young (2048K), 1 survivors (2048K)
 Metaspace       used 34101K, committed 34432K, reserved 1081344K
  class space    used 4390K, committed 4544K, reserved 1048576K
}
Event: 25.709 GC heap before
{Heap before GC invocations=30 (full 0):
 garbage-first heap   total 122880K, used 103845K [0x0000000700000000, 0x0000000800000000)
  region size 2048K, 24 young (49152K), 1 survivors (2048K)
 Metaspace       used 34129K, committed 34496K, reserved 1081344K
  class space    used 4390K, committed 4544K, reserved 1048576K
}
Event: 25.714 GC heap after
{Heap after GC invocations=31 (full 0):
 garbage-first heap   total 122880K, used 56724K [0x0000000700000000, 0x0000000800000000)
  region size 2048K, 1 young (2048K), 1 survivors (2048K)
 Metaspace       used 34129K, committed 34496K, reserved 1081344K
  class space    used 4390K, committed 4544K, reserved 1048576K
}
Event: 26.256 GC heap before
{Heap before GC invocations=32 (full 0):
 garbage-first heap   total 122880K, used 103828K [0x0000000700000000, 0x0000000800000000)
  region size 2048K, 24 young (49152K), 1 survivors (2048K)
 Metaspace       used 34161K, committed 34496K, reserved 1081344K
  class space    used 4390K, committed 4544K, reserved 1048576K
}
Event: 26.257 GC heap after
{Heap after GC invocations=33 (full 0):
 garbage-first heap   total 122880K, used 56700K [0x0000000700000000, 0x0000000800000000)
  region size 2048K, 1 young (2048K), 1 survivors (2048K)
 Metaspace       used 34161K, committed 34496K, reserved 1081344K
  class space    used 4390K, committed 4544K, reserved 1048576K
}
Event: 27.341 GC heap before
{Heap before GC invocations=33 (full 0):
 garbage-first heap   total 122880K, used 105852K [0x0000000700000000, 0x0000000800000000)
  region size 2048K, 25 young (51200K), 1 survivors (2048K)
 Metaspace       used 34171K, committed 34496K, reserved 1081344K
  class space    used 4390K, committed 4544K, reserved 1048576K
}
Event: 27.342 GC heap after
{Heap after GC invocations=34 (full 0):
 garbage-first heap   total 122880K, used 56551K [0x0000000700000000, 0x0000000800000000)
  region size 2048K, 1 young (2048K), 1 survivors (2048K)
 Metaspace       used 34171K, committed 34496K, reserved 1081344K
  class space    used 4390K, committed 4544K, reserved 1048576K
}
Event: 29.570 GC heap before
{Heap before GC invocations=35 (full 0):
 garbage-first heap   total 122880K, used 105703K [0x0000000700000000, 0x0000000800000000)
  region size 2048K, 25 young (51200K), 1 survivors (2048K)
 Metaspace       used 34193K, committed 34496K, reserved 1081344K
  class space    used 4390K, committed 4544K, reserved 1048576K
}
Event: 29.571 GC heap after
{Heap after GC invocations=36 (full 0):
 garbage-first heap   total 122880K, used 56697K [0x0000000700000000, 0x0000000800000000)
  region size 2048K, 1 young (2048K), 1 survivors (2048K)
 Metaspace       used 34193K, committed 34496K, reserved 1081344K
  class space    used 4390K, committed 4544K, reserved 1048576K
}
Event: 32.113 GC heap before
{Heap before GC invocations=36 (full 0):
 garbage-first heap   total 122880K, used 105849K [0x0000000700000000, 0x0000000800000000)
  region size 2048K, 25 young (51200K), 1 survivors (2048K)
 Metaspace       used 34471K, committed 34816K, reserved 1081344K
  class space    used 4435K, committed 4608K, reserved 1048576K
}
Event: 32.115 GC heap after
{Heap after GC invocations=37 (full 0):
 garbage-first heap   total 122880K, used 57218K [0x0000000700000000, 0x0000000800000000)
  region size 2048K, 1 young (2048K), 1 survivors (2048K)
 Metaspace       used 34471K, committed 34816K, reserved 1081344K
  class space    used 4435K, committed 4608K, reserved 1048576K
}
Event: 32.509 GC heap before
{Heap before GC invocations=38 (full 0):
 garbage-first heap   total 122880K, used 63362K [0x0000000700000000, 0x0000000800000000)
  region size 2048K, 5 young (10240K), 1 survivors (2048K)
 Metaspace       used 34539K, committed 34880K, reserved 1081344K
  class space    used 4444K, committed 4608K, reserved 1048576K
}
Event: 32.510 GC heap after
{Heap after GC invocations=39 (full 0):
 garbage-first heap   total 122880K, used 57025K [0x0000000700000000, 0x0000000800000000)
  region size 2048K, 1 young (2048K), 1 survivors (2048K)
 Metaspace       used 34539K, committed 34880K, reserved 1081344K
  class space    used 4444K, committed 4608K, reserved 1048576K
}

